<?xml version="1.0" encoding="UTF-8"?>
<!-- Generated by org.testng.reporters.JUnitXMLReporter -->
<testsuite hostname="LAPTOP-UDHL79C8" name="Default test" tests="22" failures="0" timestamp="19 Apr 2020 21:19:17 GMT" time="20.118" errors="0">
  <testcase name="validate" time="0.542" classname="com.calc.tests.calculatorFunction"/>
  <testcase name="validate" time="0.369" classname="com.calc.tests.calculatorFunction"/>
  <testcase name="validate" time="0.364" classname="com.calc.tests.calculatorFunction"/>
  <testcase name="validate" time="0.372" classname="com.calc.tests.calculatorFunction"/>
  <testcase name="validate" time="0.4" classname="com.calc.tests.calculatorFunction"/>
  <testcase name="validate" time="0.377" classname="com.calc.tests.calculatorFunction"/>
  <testcase name="validate" time="0.345" classname="com.calc.tests.calculatorFunction"/>
  <testcase name="validate" time="0.328" classname="com.calc.tests.calculatorFunction"/>
  <testcase name="validate" time="0.363" classname="com.calc.tests.calculatorFunction"/>
  <testcase name="validate" time="0.387" classname="com.calc.tests.calculatorFunction"/>
  <testcase name="validate" time="0.367" classname="com.calc.tests.calculatorFunction"/>
  <testcase name="validate" time="0.343" classname="com.calc.tests.calculatorFunction"/>
  <testcase name="validate" time="0.341" classname="com.calc.tests.calculatorFunction"/>
  <testcase name="validate" time="0.367" classname="com.calc.tests.calculatorFunction"/>
  <testcase name="validate" time="0.24" classname="com.calc.tests.calculatorFunction"/>
  <testcase name="validate" time="0.238" classname="com.calc.tests.calculatorFunction"/>
  <testcase name="validate" time="0.237" classname="com.calc.tests.calculatorFunction"/>
  <testcase name="validate" time="0.24" classname="com.calc.tests.calculatorFunction"/>
  <testcase name="validate" time="0.221" classname="com.calc.tests.calculatorFunction"/>
  <testcase name="validate" time="0.274" classname="com.calc.tests.calculatorFunction"/>
  <testcase name="validate" time="0.208" classname="com.calc.tests.calculatorFunction"/>
  <testcase name="validate" time="0.23" classname="com.calc.tests.calculatorFunction"/>
</testsuite> <!-- Default test -->
