<?xml version="1.0" encoding="UTF-8"?>
<!-- Generated by org.testng.reporters.JUnitXMLReporter -->
<testsuite hostname="LAPTOP-UDHL79C8" name="Test" tests="6" failures="0" timestamp="19 Apr 2020 20:35:31 GMT" time="15.677" errors="0">
  <testcase name="validate" time="0.574" classname="com.calc.tests.calculatorFunction"/>
  <testcase name="validate" time="0.349" classname="com.calc.tests.calculatorFunction"/>
  <testcase name="validate" time="0.338" classname="com.calc.tests.calculatorFunction"/>
  <testcase name="validate" time="0.393" classname="com.calc.tests.calculatorFunction"/>
  <testcase name="validate" time="0.323" classname="com.calc.tests.calculatorFunction"/>
  <testcase name="validate" time="0.389" classname="com.calc.tests.calculatorFunction"/>
</testsuite> <!-- Test -->
